
 {  "system": "Bak.ThirdPlatforms",  "datetime": "2020-10-12 12:04:05,385",  "description": "/Authorizer/list|No property or field 'AddTime' exists in type 'Authorizer'",   "level": "ERROR",  "info": "No property or field 'AddTime' exists in type 'Authorizer' (at index 0)
" }
 {  "system": "Bak.ThirdPlatforms",  "datetime": "2020-10-12 12:04:40,354",  "description": "/Authorizer/list|No property or field 'AddTime' exists in type 'Authorizer'",   "level": "ERROR",  "info": "No property or field 'AddTime' exists in type 'Authorizer' (at index 0)
" }
 {  "system": "Bak.ThirdPlatforms",  "datetime": "2020-10-12 12:05:29,728",  "description": "/Authorizer/list|No property or field 'AddTime' exists in type 'Authorizer'",   "level": "ERROR",  "info": "No property or field 'AddTime' exists in type 'Authorizer' (at index 0)
" }
 {  "system": "Bak.ThirdPlatforms",  "datetime": "2020-10-12 12:06:52,701",  "description": "/Authorizer/list|No property or field 'AddTime' exists in type 'Authorizer'",   "level": "ERROR",  "info": "No property or field 'AddTime' exists in type 'Authorizer' (at index 0)
" }
 {  "system": "Bak.ThirdPlatforms",  "datetime": "2020-10-12 12:07:16,226",  "description": "/Authorizer/list|No property or field 'AddTime' exists in type 'Authorizer'",   "level": "ERROR",  "info": "No property or field 'AddTime' exists in type 'Authorizer' (at index 0)
" }
 {  "system": "Bak.ThirdPlatforms",  "datetime": "2020-10-12 12:08:33,481",  "description": "/Authorizer/list|No property or field 'AddTime' exists in type 'Authorizer'",   "level": "ERROR",  "info": "No property or field 'AddTime' exists in type 'Authorizer' (at index 0)
" }
 {  "system": "Bak.ThirdPlatforms",  "datetime": "2020-10-12 12:09:08,688",  "description": "/Authorizer/list|No property or field 'AddTime' exists in type 'Authorizer'",   "level": "ERROR",  "info": "No property or field 'AddTime' exists in type 'Authorizer' (at index 0)
" }
 {  "system": "Bak.ThirdPlatforms",  "datetime": "2020-10-12 12:10:09,987",  "description": "/Authorizer/list|No property or field 'AddTime' exists in type 'Authorizer'",   "level": "ERROR",  "info": "No property or field 'AddTime' exists in type 'Authorizer' (at index 0)
" }
 {  "system": "Bak.ThirdPlatforms",  "datetime": "2020-10-12 12:13:11,665",  "description": "/miniprogram/applylive|Enumerator failed to MoveNextAsync.",   "level": "ERROR",  "info": "System.InvalidOperationException: Enumerator failed to MoveNextAsync.
   at Microsoft.EntityFrameworkCore.Query.ShapedQueryCompilingExpressionVisitor.SingleOrDefaultAsync[TSource](IAsyncEnumerable`1 asyncEnumerable, CancellationToken cancellationToken)
   at Microsoft.EntityFrameworkCore.Query.ShapedQueryCompilingExpressionVisitor.SingleOrDefaultAsync[TSource](IAsyncEnumerable`1 asyncEnumerable, CancellationToken cancellationToken)
   at Volo.Abp.Domain.Repositories.EntityFrameworkCore.EfCoreRepository`2.FindAsync(Expression`1 predicate, Boolean includeDetails, CancellationToken cancellationToken)
   at Castle.DynamicProxy.AsyncInterceptorBase.ProceedAsynchronous[TResult](IInvocation invocation, IInvocationProceedInfo proceedInfo)
   at Volo.Abp.Castle.DynamicProxy.CastleAbpMethodInvocationAdapterWithReturnValue`1.ProceedAsync()
   at Volo.Abp.Uow.UnitOfWorkInterceptor.InterceptAsync(IAbpMethodInvocation invocation)
   at Volo.Abp.Castle.DynamicProxy.CastleAsyncAbpInterceptorAdapter`1.InterceptAsync[TResult](IInvocation invocation, IInvocationProceedInfo proceedInfo, Func`3 proceed)
   at Bak.ThirdPlatforms.Application.MiniPrograms.MiniProgramService.ApplyLiveAsync(String authorizerAppId) in D:\Projects\Bak.ThirdPlatforms\src\Bak.ThirdPlatforms.Application\MiniPrograms\MiniProgramService.cs:line 161
   at Castle.DynamicProxy.AsyncInterceptorBase.ProceedAsynchronous[TResult](IInvocation invocation, IInvocationProceedInfo proceedInfo)
   at Volo.Abp.Castle.DynamicProxy.CastleAbpMethodInvocationAdapterWithReturnValue`1.ProceedAsync()
   at Volo.Abp.Auditing.AuditingInterceptor.InterceptAsync(IAbpMethodInvocation invocation)
   at Volo.Abp.Castle.DynamicProxy.CastleAsyncAbpInterceptorAdapter`1.InterceptAsync[TResult](IInvocation invocation, IInvocationProceedInfo proceedInfo, Func`3 proceed)
   at Castle.DynamicProxy.AsyncInterceptorBase.ProceedAsynchronous[TResult](IInvocation invocation, IInvocationProceedInfo proceedInfo)
   at Volo.Abp.Castle.DynamicProxy.CastleAbpMethodInvocationAdapterWithReturnValue`1.ProceedAsync()
   at Volo.Abp.Validation.ValidationInterceptor.InterceptAsync(IAbpMethodInvocation invocation)
   at Volo.Abp.Castle.DynamicProxy.CastleAsyncAbpInterceptorAdapter`1.InterceptAsync[TResult](IInvocation invocation, IInvocationProceedInfo proceedInfo, Func`3 proceed)
   at Castle.DynamicProxy.AsyncInterceptorBase.ProceedAsynchronous[TResult](IInvocation invocation, IInvocationProceedInfo proceedInfo)
   at Volo.Abp.Castle.DynamicProxy.CastleAbpMethodInvocationAdapterWithReturnValue`1.ProceedAsync()
   at Volo.Abp.Uow.UnitOfWorkInterceptor.InterceptAsync(IAbpMethodInvocation invocation)
   at Volo.Abp.Castle.DynamicProxy.CastleAsyncAbpInterceptorAdapter`1.InterceptAsync[TResult](IInvocation invocation, IInvocationProceedInfo proceedInfo, Func`3 proceed)
   at Bak.ThirdPlatforms.Web.Controllers.MiniProgramController.ApplyLive(String authorizerAppId) in D:\Projects\Bak.ThirdPlatforms\src\Bak.ThirdPlatforms.Web\Controllers\MiniProgramController.cs:line 158
   at Microsoft.AspNetCore.Mvc.Infrastructure.ActionMethodExecutor.TaskOfIActionResultExecutor.Execute(IActionResultTypeMapper mapper, ObjectMethodExecutor executor, Object controller, Object[] arguments)
   at Microsoft.AspNetCore.Mvc.Infrastructure.ControllerActionInvoker.<InvokeActionMethodAsync>g__Awaited|12_0(ControllerActionInvoker invoker, ValueTask`1 actionResultValueTask)
   at Microsoft.AspNetCore.Mvc.Infrastructure.ControllerActionInvoker.<InvokeNextActionFilterAsync>g__Awaited|10_0(ControllerActionInvoker invoker, Task lastTask, State next, Scope scope, Object state, Boolean isCompleted)
   at Microsoft.AspNetCore.Mvc.Infrastructure.ControllerActionInvoker.Rethrow(ActionExecutedContextSealed context)
   at Microsoft.AspNetCore.Mvc.Infrastructure.ControllerActionInvoker.Next(State& next, Scope& scope, Object& state, Boolean& isCompleted)
   at Microsoft.AspNetCore.Mvc.Infrastructure.ControllerActionInvoker.<InvokeInnerFilterAsync>g__Awaited|13_0(ControllerActionInvoker invoker, Task lastTask, State next, Scope scope, Object state, Boolean isCompleted)
   at Microsoft.AspNetCore.Mvc.Infrastructure.ResourceInvoker.<InvokeNextExceptionFilterAsync>g__Awaited|25_0(ResourceInvoker invoker, Task lastTask, State next, Scope scope, Object state, Boolean isCompleted)
" }